{
  message: 'Database Connected Successfully',
  level: 'info',
  service: 'user-service',
  label: 'PH',
  timestamp: '2023-11-04T20:31:32.913Z'
}
{
  message: 'Application listening on port 5000',
  level: 'info',
  service: 'user-service',
  label: 'PH',
  timestamp: '2023-11-04T20:31:32.929Z'
}
{
  message: 'Database Connected Successfully',
  level: 'info',
  service: 'user-service',
  label: 'PH',
  timestamp: '2023-11-04T20:36:26.145Z'
}
{
  message: 'Application listening on port 5000',
  level: 'info',
  service: 'user-service',
  label: 'PH',
  timestamp: '2023-11-04T20:36:26.155Z'
}
{
  message: 'Database Connected Successfully',
  level: 'info',
  service: 'user-service',
  label: 'PH',
  timestamp: '2023-11-04T20:38:36.663Z'
}
{
  message: 'Application listening on port 5000',
  level: 'info',
  service: 'user-service',
  label: 'PH',
  timestamp: '2023-11-04T20:38:36.671Z'
}
{
  message: 'Database Connected Successfully',
  level: 'info',
  service: 'user-service',
  label: 'PH',
  timestamp: '2023-11-04T20:38:57.081Z'
}
{
  message: 'Application listening on port 5000',
  level: 'info',
  service: 'user-service',
  label: 'PH',
  timestamp: '2023-11-04T20:38:57.089Z'
}
{
  message: 'Database Connected Successfully',
  level: 'info',
  service: 'user-service',
  label: 'PH',
  timestamp: '2023-11-04T20:43:31.659Z'
}
{
  message: 'Application listening on port 5000',
  level: 'info',
  service: 'user-service',
  label: 'PH',
  timestamp: '2023-11-04T20:43:31.670Z'
}
{
  message: 'Database Connected Successfully',
  level: 'info',
  service: 'user-service',
  label: 'PH',
  timestamp: '2023-11-04T20:43:55.064Z'
}
{
  message: 'Application listening on port 5000',
  level: 'info',
  service: 'user-service',
  label: 'PH',
  timestamp: '2023-11-04T20:43:55.072Z'
}
