{
  message: 'Database Connected Successfully',
  level: 'info',
  service: 'user-service',
  label: 'PH',
  timestamp: '2023-10-26T13:00:44.379Z'
}
{
  message: 'Application listening on port 5000',
  level: 'info',
  service: 'user-service',
  label: 'PH',
  timestamp: '2023-10-26T13:00:44.393Z'
}
{
  message: 'Database Connected Successfully',
  level: 'info',
  service: 'user-service',
  label: 'PH',
  timestamp: '2023-10-26T13:04:19.091Z'
}
{
  message: 'Application listening on port 5000',
  level: 'info',
  service: 'user-service',
  label: 'PH',
  timestamp: '2023-10-26T13:04:19.101Z'
}
{
  message: 'Database Connected Successfully',
  level: 'info',
  service: 'user-service',
  label: 'PH',
  timestamp: '2023-10-26T13:06:34.224Z'
}
{
  message: 'Application listening on port 5000',
  level: 'info',
  service: 'user-service',
  label: 'PH',
  timestamp: '2023-10-26T13:06:34.254Z'
}
{
  message: 'Database Connected Successfully',
  level: 'info',
  service: 'user-service',
  label: 'PH',
  timestamp: '2023-10-26T13:06:43.352Z'
}
{
  message: 'Application listening on port 5000',
  level: 'info',
  service: 'user-service',
  label: 'PH',
  timestamp: '2023-10-26T13:06:43.362Z'
}
{
  message: 'Database Connected Successfully',
  level: 'info',
  service: 'user-service',
  label: 'PH',
  timestamp: '2023-10-26T13:06:58.797Z'
}
{
  message: 'Application listening on port 5000',
  level: 'info',
  service: 'user-service',
  label: 'PH',
  timestamp: '2023-10-26T13:06:58.804Z'
}
{
  message: 'Database Connected Successfully',
  level: 'info',
  service: 'user-service',
  label: 'PH',
  timestamp: '2023-10-26T13:07:01.971Z'
}
{
  message: 'Application listening on port 5000',
  level: 'info',
  service: 'user-service',
  label: 'PH',
  timestamp: '2023-10-26T13:07:01.987Z'
}
{
  message: 'Database Connected Successfully',
  level: 'info',
  service: 'user-service',
  label: 'PH',
  timestamp: '2023-10-26T13:10:38.034Z'
}
{
  message: 'Application listening on port 5000',
  level: 'info',
  service: 'user-service',
  label: 'PH',
  timestamp: '2023-10-26T13:10:38.041Z'
}
{
  message: 'Database Connected Successfully',
  level: 'info',
  service: 'user-service',
  label: 'PH',
  timestamp: '2023-10-26T13:10:44.400Z'
}
{
  message: 'Application listening on port 5000',
  level: 'info',
  service: 'user-service',
  label: 'PH',
  timestamp: '2023-10-26T13:10:44.410Z'
}
{
  message: 'Database Connected Successfully',
  level: 'info',
  service: 'user-service',
  label: 'PH',
  timestamp: '2023-10-26T13:14:48.042Z'
}
{
  message: 'Application listening on port 5000',
  level: 'info',
  service: 'user-service',
  label: 'PH',
  timestamp: '2023-10-26T13:14:48.051Z'
}
{
  message: 'Database Connected Successfully',
  level: 'info',
  service: 'user-service',
  label: 'PH',
  timestamp: '2023-10-26T13:15:57.861Z'
}
{
  message: 'Application listening on port 5000',
  level: 'info',
  service: 'user-service',
  label: 'PH',
  timestamp: '2023-10-26T13:15:57.875Z'
}
