{
  message: 'Database Connected Successfully',
  level: 'info',
  service: 'user-service',
  label: 'PH',
  timestamp: '2023-11-05T20:01:44.899Z'
}
{
  message: 'Application listening on port 5000',
  level: 'info',
  service: 'user-service',
  label: 'PH',
  timestamp: '2023-11-05T20:01:44.908Z'
}
{
  message: 'Database Connected Successfully',
  level: 'info',
  service: 'user-service',
  label: 'PH',
  timestamp: '2023-11-05T20:25:16.988Z'
}
{
  message: 'Application listening on port 5000',
  level: 'info',
  service: 'user-service',
  label: 'PH',
  timestamp: '2023-11-05T20:25:17.001Z'
}
{
  message: 'Database Connected Successfully',
  level: 'info',
  service: 'user-service',
  label: 'PH',
  timestamp: '2023-11-05T20:25:22.503Z'
}
{
  message: 'Application listening on port 5000',
  level: 'info',
  service: 'user-service',
  label: 'PH',
  timestamp: '2023-11-05T20:25:22.512Z'
}
{
  message: 'Database Connected Successfully',
  level: 'info',
  service: 'user-service',
  label: 'PH',
  timestamp: '2023-11-05T20:25:29.742Z'
}
{
  message: 'Application listening on port 5000',
  level: 'info',
  service: 'user-service',
  label: 'PH',
  timestamp: '2023-11-05T20:25:29.754Z'
}
{
  message: 'Database Connected Successfully',
  level: 'info',
  service: 'user-service',
  label: 'PH',
  timestamp: '2023-11-05T20:26:02.229Z'
}
{
  message: 'Application listening on port 5000',
  level: 'info',
  service: 'user-service',
  label: 'PH',
  timestamp: '2023-11-05T20:26:02.239Z'
}
{
  message: 'Database Connected Successfully',
  level: 'info',
  service: 'user-service',
  label: 'PH',
  timestamp: '2023-11-05T20:32:38.667Z'
}
{
  message: 'Application listening on port 5000',
  level: 'info',
  service: 'user-service',
  label: 'PH',
  timestamp: '2023-11-05T20:32:38.676Z'
}
{
  message: 'Database Connected Successfully',
  level: 'info',
  service: 'user-service',
  label: 'PH',
  timestamp: '2023-11-05T20:34:04.822Z'
}
{
  message: 'Application listening on port 5000',
  level: 'info',
  service: 'user-service',
  label: 'PH',
  timestamp: '2023-11-05T20:34:04.831Z'
}
